<INPUT STATUS="ENDREC" TIME="1449501117"/>
.
<ENDRECOG/>
.
<INPUTPARAM FRAMES="158" MSEC="1580"/>
.
<RECOGOUT>
  <SHYPO RANK="1" SCORE="-4144.080566" GRAM="0">
    <WHYPO WORD="テレビ10" CLASSID="テレビ10" PHONE="silB t e r e b i j u u silE" CM="0.768"/>
  </SHYPO>
</RECOGOUT>
.
<INPUT STATUS="LISTEN" TIME="1449501117"/>
.
<INPUT STATUS="STARTREC" TIME="1449501117"/>
.
<STARTRECOG/>
.
<INPUT STATUS="ENDREC" TIME="1449501118"/>
.
<ENDRECOG/>
.
<INPUTPARAM FRAMES="138" MSEC="1380"/>
.
<RECOGOUT>
  <SHYPO RANK="1" SCORE="-3499.037109" GRAM="0">
    <WHYPO WORD="テレビオン" CLASSID="テレビオン" PHONE="silB t e r e b i o N silE" CM="0.611"/>
  </SHYPO>
</RECOGOUT>
.
<INPUT STATUS="LISTEN" TIME="1449501118"/>
.
<INPUT STATUS="STARTREC" TIME="1449501119"/>
.
<STARTRECOG/>
.
<INPUT STATUS="ENDREC" TIME="1449501120"/>
.
<ENDRECOG/>
.
<INPUTPARAM FRAMES="98" MSEC="980"/>
.
<RECOGOUT>
  <SHYPO RANK="1" SCORE="-2476.704590" GRAM="0">
    <WHYPO WORD="テレビ2" CLASSID="テレビ2" PHONE="silB t e r e b i n i silE" CM="0.794"/>
  </SHYPO>
</RECOGOUT>
.
<INPUT STATUS="LISTEN" TIME="1449501120"/>
.
<INPUT STATUS="STARTREC" TIME="1449501121"/>
.
<STARTRECOG/>
.
<INPUT STATUS="ENDREC" TIME="1449501123"/>
.
<ENDRECOG/>
.
<INPUTPARAM FRAMES="238" MSEC="2380"/>
.
<RECOGOUT>
  <SHYPO RANK="1" SCORE="-6155.600098" GRAM="0">
    <WHYPO WORD="テレビ10" CLASSID="テレビ10" PHONE="silB t e r e b i j u u silE" CM="0.353"/>
  </SHYPO>
</RECOGOUT>
.
<INPUT STATUS="LISTEN" TIME="1449501123"/>
.
<INPUT STATUS="STARTREC" TIME="1449501125"/>
.
<STARTRECOG/>
.
<INPUT STATUS="ENDREC" TIME="1449501126"/>
.
<ENDRECOG/>
.
<INPUTPARAM FRAMES="188" MSEC="1880"/>
.
<RECOGOUT>
  <SHYPO RANK="1" SCORE="-4351.642090" GRAM="0">
    <WHYPO WORD="テレビ2" CLASSID="テレビ2" PHONE="silB t e r e b i n i silE" CM="0.609"/>
  </SHYPO>
</RECOGOUT>
.
<INPUT STATUS="LISTEN" TIME="1449501126"/>
.
<INPUT STATUS="STARTREC" TIME="1449501127"/>
.
<STARTRECOG/>
.
<INPUT STATUS="ENDREC" TIME="1449501129"/>
.
<ENDRECOG/>
.
<INPUTPARAM FRAMES="233" MSEC="2330"/>
.
<RECOGOUT>
  <SHYPO RANK="1" SCORE="-6041.510254" GRAM="0">
    <WHYPO WORD="テレビオン" CLASSID="テレビオン" PHONE="silB t e r e b i o N silE" CM="0.634"/>
  </SHYPO>
</RECOGOUT>
.

